<?xml version="1.0" encoding="UTF-8"?>
<robot generator="Robot 7.1.1 (Python 3.12.5 on win32)" generated="2024-12-30T22:35:15.779686" rpa="false" schemaversion="5">
<suite id="s1" name="Login Steps" source="c:\Users\full\Desktop\Projeto_Robot\tests\login_steps.robot">
<kw name="Open Browser" owner="SeleniumLibrary" type="SETUP">
<msg time="2024-12-30T22:35:16.500711" level="INFO">Opening browser 'chrome' to base url 'None'.</msg>
<arg>browser=chrome</arg>
<doc>Opens a new browser instance to the optional ``url``.</doc>
<status status="PASS" start="2024-12-30T22:35:16.499684" elapsed="1.967206"/>
</kw>
<test id="s1-t1" name="Successful Login" line="6">
<kw name="I navigate to the login page" owner="login_keywords">
<kw name="Go To" owner="SeleniumLibrary">
<msg time="2024-12-30T22:35:18.473893" level="INFO">Opening url 'https://www.saucedemo.com'</msg>
<arg>${URL_DATA["baseUrl"]}</arg>
<doc>Navigates the current browser window to the provided ``url``.</doc>
<status status="PASS" start="2024-12-30T22:35:18.471891" elapsed="0.872441"/>
</kw>
<status status="PASS" start="2024-12-30T22:35:18.470890" elapsed="0.875446"/>
</kw>
<kw name="Input correct credentials" owner="login_keywords">
<kw name="Wait Until Element Is Visible" owner="SeleniumLibrary">
<arg>id=user-name</arg>
<doc>Waits until the element ``locator`` is visible.</doc>
<status status="PASS" start="2024-12-30T22:35:19.352333" elapsed="0.047000"/>
</kw>
<kw name="Input Text" owner="SeleniumLibrary">
<msg time="2024-12-30T22:35:19.400333" level="INFO">Typing text 'standard_user' into text field 'id=user-name'.</msg>
<arg>id=user-name</arg>
<arg>${LOGIN_DATA["correctData"]["username"]}</arg>
<doc>Types the given ``text`` into the text field identified by ``locator``.</doc>
<status status="PASS" start="2024-12-30T22:35:19.399333" elapsed="0.200001"/>
</kw>
<kw name="Input Text" owner="SeleniumLibrary">
<msg time="2024-12-30T22:35:19.601336" level="INFO">Typing text 'secret_sauce' into text field 'id=password'.</msg>
<arg>id=password</arg>
<arg>${LOGIN_DATA["correctData"]["password"]}</arg>
<doc>Types the given ``text`` into the text field identified by ``locator``.</doc>
<status status="PASS" start="2024-12-30T22:35:19.600336" elapsed="0.143997"/>
</kw>
<status status="PASS" start="2024-12-30T22:35:19.351340" elapsed="0.393995"/>
</kw>
<kw name="I click on the Login Button" owner="login_keywords">
<kw name="Click Button" owner="SeleniumLibrary">
<msg time="2024-12-30T22:35:19.748334" level="INFO">Clicking button 'id=login-button'.</msg>
<arg>id=login-button</arg>
<doc>Clicks the button identified by ``locator``.</doc>
<status status="PASS" start="2024-12-30T22:35:19.747335" elapsed="0.192000"/>
</kw>
<status status="PASS" start="2024-12-30T22:35:19.746332" elapsed="0.193003"/>
</kw>
<kw name="I am able view the home page" owner="login_keywords">
<kw name="Get Location" owner="SeleniumLibrary">
<msg time="2024-12-30T22:35:20.034334" level="INFO">${location} = https://www.saucedemo.com/inventory.html</msg>
<var>${location}</var>
<doc>Returns the current browser window URL.</doc>
<status status="PASS" start="2024-12-30T22:35:19.944341" elapsed="0.089993"/>
</kw>
<kw name="Catenate" owner="BuiltIn">
<msg time="2024-12-30T22:35:20.037336" level="INFO">${full_url} = https://www.saucedemo.com/inventory.html</msg>
<var>${full_url}</var>
<arg>SEPARATOR=</arg>
<arg>${URL_DATA["baseUrl"]}</arg>
<arg>${URL_DATA["inventoryUrl"]}</arg>
<doc>Catenates the given items together and returns the resulted string.</doc>
<status status="PASS" start="2024-12-30T22:35:20.035337" elapsed="0.001999"/>
</kw>
<kw name="Should Be Equal" owner="BuiltIn">
<arg>${location}</arg>
<arg>${full_url}</arg>
<doc>Fails if the given objects are unequal.</doc>
<status status="PASS" start="2024-12-30T22:35:20.038336" elapsed="0.000000"/>
</kw>
<status status="PASS" start="2024-12-30T22:35:19.943333" elapsed="0.096002"/>
</kw>
<status status="PASS" start="2024-12-30T22:35:18.467893" elapsed="1.601441"/>
</test>
<test id="s1-t2" name="Unsuccessful Login - No credentials" line="12">
<kw name="I navigate to the login page" owner="login_keywords">
<kw name="Go To" owner="SeleniumLibrary">
<msg time="2024-12-30T22:35:20.095334" level="INFO">Opening url 'https://www.saucedemo.com'</msg>
<arg>${URL_DATA["baseUrl"]}</arg>
<doc>Navigates the current browser window to the provided ``url``.</doc>
<status status="PASS" start="2024-12-30T22:35:20.093336" elapsed="0.144998"/>
</kw>
<status status="PASS" start="2024-12-30T22:35:20.092335" elapsed="0.145999"/>
</kw>
<kw name="Wait Until Element Is Visible" owner="SeleniumLibrary">
<arg>id=user-name</arg>
<doc>Waits until the element ``locator`` is visible.</doc>
<status status="PASS" start="2024-12-30T22:35:20.243337" elapsed="0.028997"/>
</kw>
<kw name="I click on the Login Button" owner="login_keywords">
<kw name="Click Button" owner="SeleniumLibrary">
<msg time="2024-12-30T22:35:20.275335" level="INFO">Clicking button 'id=login-button'.</msg>
<arg>id=login-button</arg>
<doc>Clicks the button identified by ``locator``.</doc>
<status status="PASS" start="2024-12-30T22:35:20.275335" elapsed="0.101009"/>
</kw>
<status status="PASS" start="2024-12-30T22:35:20.274333" elapsed="0.103015"/>
</kw>
<kw name="I am able to see the expected error message for No Credentials" owner="login_keywords">
<kw name="Wait Until Element Contains" owner="SeleniumLibrary">
<arg>class=error-message-container</arg>
<arg>${ERROR_MENSAGE["NoCredentials"]}</arg>
<doc>Waits until the element ``locator`` contains ``text``.</doc>
<status status="PASS" start="2024-12-30T22:35:20.379333" elapsed="0.041000"/>
</kw>
<status status="PASS" start="2024-12-30T22:35:20.378334" elapsed="0.041999"/>
</kw>
<status status="PASS" start="2024-12-30T22:35:20.091336" elapsed="0.329998"/>
</test>
<test id="s1-t3" name="Unsuccessful Login - No Username" line="19">
<kw name="I navigate to the login page" owner="login_keywords">
<kw name="Go To" owner="SeleniumLibrary">
<msg time="2024-12-30T22:35:20.427332" level="INFO">Opening url 'https://www.saucedemo.com'</msg>
<arg>${URL_DATA["baseUrl"]}</arg>
<doc>Navigates the current browser window to the provided ``url``.</doc>
<status status="PASS" start="2024-12-30T22:35:20.426334" elapsed="0.060000"/>
</kw>
<status status="PASS" start="2024-12-30T22:35:20.425334" elapsed="0.061000"/>
</kw>
<kw name="Input credentials no Username" owner="login_keywords">
<kw name="Wait Until Element Is Visible" owner="SeleniumLibrary">
<arg>id=user-name</arg>
<doc>Waits until the element ``locator`` is visible.</doc>
<status status="PASS" start="2024-12-30T22:35:20.490335" elapsed="0.025996"/>
</kw>
<kw name="Input Text" owner="SeleniumLibrary">
<msg time="2024-12-30T22:35:20.517332" level="INFO">Typing text 'secret_sauce' into text field 'id=password'.</msg>
<arg>id=password</arg>
<arg>${LOGIN_DATA["correctData"]["password"]}</arg>
<doc>Types the given ``text`` into the text field identified by ``locator``.</doc>
<status status="PASS" start="2024-12-30T22:35:20.516331" elapsed="0.119003"/>
</kw>
<status status="PASS" start="2024-12-30T22:35:20.488334" elapsed="0.147000"/>
</kw>
<kw name="I click on the Login Button" owner="login_keywords">
<kw name="Click Button" owner="SeleniumLibrary">
<msg time="2024-12-30T22:35:20.637335" level="INFO">Clicking button 'id=login-button'.</msg>
<arg>id=login-button</arg>
<doc>Clicks the button identified by ``locator``.</doc>
<status status="PASS" start="2024-12-30T22:35:20.637335" elapsed="0.096003"/>
</kw>
<status status="PASS" start="2024-12-30T22:35:20.636333" elapsed="0.097005"/>
</kw>
<kw name="I am able to see the expected error message for No Username" owner="login_keywords">
<kw name="Wait Until Element Contains" owner="SeleniumLibrary">
<arg>class=error-message-container</arg>
<arg>${ERROR_MENSAGE["NoUserName"]}</arg>
<doc>Waits until the element ``locator`` contains ``text``.</doc>
<status status="PASS" start="2024-12-30T22:35:20.735337" elapsed="0.027998"/>
</kw>
<status status="PASS" start="2024-12-30T22:35:20.734336" elapsed="0.028999"/>
</kw>
<status status="PASS" start="2024-12-30T22:35:20.424336" elapsed="0.339996"/>
</test>
<test id="s1-t4" name="Unsuccessful Login - No Password" line="26">
<kw name="I navigate to the login page" owner="login_keywords">
<kw name="Go To" owner="SeleniumLibrary">
<msg time="2024-12-30T22:35:20.768333" level="INFO">Opening url 'https://www.saucedemo.com'</msg>
<arg>${URL_DATA["baseUrl"]}</arg>
<doc>Navigates the current browser window to the provided ``url``.</doc>
<status status="PASS" start="2024-12-30T22:35:20.767340" elapsed="0.059019"/>
</kw>
<status status="PASS" start="2024-12-30T22:35:20.767340" elapsed="0.059019"/>
</kw>
<kw name="Input credentials no Password" owner="login_keywords">
<kw name="Wait Until Element Is Visible" owner="SeleniumLibrary">
<arg>id=user-name</arg>
<doc>Waits until the element ``locator`` is visible.</doc>
<status status="PASS" start="2024-12-30T22:35:20.829336" elapsed="0.022996"/>
</kw>
<kw name="Input Text" owner="SeleniumLibrary">
<msg time="2024-12-30T22:35:20.852332" level="INFO">Typing text 'standard_user' into text field 'id=user-name'.</msg>
<arg>id=user-name</arg>
<arg>${LOGIN_DATA["correctData"]["username"]}</arg>
<doc>Types the given ``text`` into the text field identified by ``locator``.</doc>
<status status="PASS" start="2024-12-30T22:35:20.852332" elapsed="0.125001"/>
</kw>
<status status="PASS" start="2024-12-30T22:35:20.828334" elapsed="0.148999"/>
</kw>
<kw name="I click on the Login Button" owner="login_keywords">
<kw name="Click Button" owner="SeleniumLibrary">
<msg time="2024-12-30T22:35:20.979343" level="INFO">Clicking button 'id=login-button'.</msg>
<arg>id=login-button</arg>
<doc>Clicks the button identified by ``locator``.</doc>
<status status="PASS" start="2024-12-30T22:35:20.979343" elapsed="0.099991"/>
</kw>
<status status="PASS" start="2024-12-30T22:35:20.978333" elapsed="0.101001"/>
</kw>
<kw name="I am able to see the expected error message for No Password" owner="login_keywords">
<kw name="Wait Until Element Contains" owner="SeleniumLibrary">
<arg>class=error-message-container</arg>
<arg>${ERROR_MENSAGE["NoPassword"]}</arg>
<doc>Waits until the element ``locator`` contains ``text``.</doc>
<status status="PASS" start="2024-12-30T22:35:21.081339" elapsed="0.022993"/>
</kw>
<status status="PASS" start="2024-12-30T22:35:21.080344" elapsed="0.023988"/>
</kw>
<status status="PASS" start="2024-12-30T22:35:20.766333" elapsed="0.338999"/>
</test>
<test id="s1-t5" name="Unsuccessful Login - Wrong Credentials" line="32">
<kw name="I navigate to the login page" owner="login_keywords">
<kw name="Go To" owner="SeleniumLibrary">
<msg time="2024-12-30T22:35:21.110334" level="INFO">Opening url 'https://www.saucedemo.com'</msg>
<arg>${URL_DATA["baseUrl"]}</arg>
<doc>Navigates the current browser window to the provided ``url``.</doc>
<status status="PASS" start="2024-12-30T22:35:21.109338" elapsed="0.058995"/>
</kw>
<status status="PASS" start="2024-12-30T22:35:21.109338" elapsed="0.058995"/>
</kw>
<kw name="Input Wrong Credentials" owner="login_keywords">
<kw name="Wait Until Element Is Visible" owner="SeleniumLibrary">
<arg>id=user-name</arg>
<doc>Waits until the element ``locator`` is visible.</doc>
<status status="PASS" start="2024-12-30T22:35:21.170336" elapsed="0.026010"/>
</kw>
<kw name="Input Text" owner="SeleniumLibrary">
<msg time="2024-12-30T22:35:21.197333" level="INFO">Typing text 'standard' into text field 'id=user-name'.</msg>
<arg>id=user-name</arg>
<arg>${LOGIN_DATA["wrongData"]["username"]}</arg>
<doc>Types the given ``text`` into the text field identified by ``locator``.</doc>
<status status="PASS" start="2024-12-30T22:35:21.196346" elapsed="0.188989"/>
</kw>
<kw name="Input Text" owner="SeleniumLibrary">
<msg time="2024-12-30T22:35:21.387334" level="INFO">Typing text 'secret' into text field 'id=password'.</msg>
<arg>id=password</arg>
<arg>${LOGIN_DATA["wrongData"]["password"]}</arg>
<doc>Types the given ``text`` into the text field identified by ``locator``.</doc>
<status status="PASS" start="2024-12-30T22:35:21.386341" elapsed="0.121992"/>
</kw>
<status status="PASS" start="2024-12-30T22:35:21.170336" elapsed="0.337997"/>
</kw>
<kw name="I click on the Login Button" owner="login_keywords">
<kw name="Click Button" owner="SeleniumLibrary">
<msg time="2024-12-30T22:35:21.510334" level="INFO">Clicking button 'id=login-button'.</msg>
<arg>id=login-button</arg>
<doc>Clicks the button identified by ``locator``.</doc>
<status status="PASS" start="2024-12-30T22:35:21.510334" elapsed="0.101000"/>
</kw>
<status status="PASS" start="2024-12-30T22:35:21.509332" elapsed="0.102002"/>
</kw>
<kw name="I am able to see the expected error message for Wrong Credentials" owner="login_keywords">
<kw name="Wait Until Element Contains" owner="SeleniumLibrary">
<arg>class=error-message-container</arg>
<arg>${ERROR_MENSAGE["wrongCredentials"]}</arg>
<doc>Waits until the element ``locator`` contains ``text``.</doc>
<status status="PASS" start="2024-12-30T22:35:21.613336" elapsed="0.023996"/>
</kw>
<status status="PASS" start="2024-12-30T22:35:21.612333" elapsed="0.026026"/>
</kw>
<status status="PASS" start="2024-12-30T22:35:21.108342" elapsed="0.530992"/>
</test>
<status status="PASS" start="2024-12-30T22:35:15.794687" elapsed="5.848646"/>
</suite>
<statistics>
<total>
<stat pass="5" fail="0" skip="0">All Tests</stat>
</total>
<tag>
</tag>
<suite>
<stat pass="5" fail="0" skip="0" id="s1" name="Login Steps">Login Steps</stat>
</suite>
</statistics>
<errors>
</errors>
</robot>
